F:\CODE\OPENCV_CMAKE\BGSLIBRARY-MASTER\VS2010\DEBUG\ADAPTIVEBACKGROUNDLEARNING.OBJ
F:\CODE\OPENCV_CMAKE\BGSLIBRARY-MASTER\VS2010\DEBUG\ADAPTIVEMEDIANBGS.OBJ
F:\CODE\OPENCV_CMAKE\BGSLIBRARY-MASTER\VS2010\DEBUG\ADAPTIVESELECTIVEBACKGROUNDLEARNING.OBJ
F:\CODE\OPENCV_CMAKE\BGSLIBRARY-MASTER\VS2010\DEBUG\BACKGROUNDSUBTRACTORLBSP.OBJ
F:\CODE\OPENCV_CMAKE\BGSLIBRARY-MASTER\VS2010\DEBUG\BACKGROUNDSUBTRACTORLOBSTER.OBJ
F:\CODE\OPENCV_CMAKE\BGSLIBRARY-MASTER\VS2010\DEBUG\BACKGROUNDSUBTRACTORSUBSENSE.OBJ
F:\CODE\OPENCV_CMAKE\BGSLIBRARY-MASTER\VS2010\DEBUG\BGMODEL.OBJ
F:\CODE\OPENCV_CMAKE\BGSLIBRARY-MASTER\VS2010\DEBUG\BGMODELFUZZYGAUSS.OBJ
F:\CODE\OPENCV_CMAKE\BGSLIBRARY-MASTER\VS2010\DEBUG\BGMODELFUZZYSOM.OBJ
F:\CODE\OPENCV_CMAKE\BGSLIBRARY-MASTER\VS2010\DEBUG\BGMODELGAUSS.OBJ
F:\CODE\OPENCV_CMAKE\BGSLIBRARY-MASTER\VS2010\DEBUG\BGMODELMOG.OBJ
F:\CODE\OPENCV_CMAKE\BGSLIBRARY-MASTER\VS2010\DEBUG\BGMODELSOM.OBJ
F:\CODE\OPENCV_CMAKE\BGSLIBRARY-MASTER\VS2010\DEBUG\BGSLIBRARY.EXE
F:\CODE\OPENCV_CMAKE\BGSLIBRARY-MASTER\VS2010\DEBUG\BGSLIBRARY.EXE.EMBED.MANIFEST
F:\CODE\OPENCV_CMAKE\BGSLIBRARY-MASTER\VS2010\DEBUG\BGSLIBRARY.EXE.EMBED.MANIFEST.RES
F:\CODE\OPENCV_CMAKE\BGSLIBRARY-MASTER\VS2010\DEBUG\BGSLIBRARY.EXE.INTERMEDIATE.MANIFEST
F:\CODE\OPENCV_CMAKE\BGSLIBRARY-MASTER\VS2010\DEBUG\BGSLIBRARY.ILK
F:\CODE\OPENCV_CMAKE\BGSLIBRARY-MASTER\VS2010\DEBUG\BGSLIBRARY.PDB
F:\code\OpenCV_cmake\bgslibrary-master\vs2010\Debug\bgslibrary.write.1.tlog
F:\code\OpenCV_cmake\bgslibrary-master\vs2010\Debug\bgslibrary_manifest.rc
F:\CODE\OPENCV_CMAKE\BGSLIBRARY-MASTER\VS2010\DEBUG\BLOB.OBJ
F:\CODE\OPENCV_CMAKE\BGSLIBRARY-MASTER\VS2010\DEBUG\BLOBEXTRACTION.OBJ
F:\CODE\OPENCV_CMAKE\BGSLIBRARY-MASTER\VS2010\DEBUG\BLOBRESULT.OBJ
F:\code\OpenCV_cmake\bgslibrary-master\vs2010\Debug\cl.command.1.tlog
F:\code\OpenCV_cmake\bgslibrary-master\vs2010\Debug\CL.read.1.tlog
F:\code\OpenCV_cmake\bgslibrary-master\vs2010\Debug\CL.write.1.tlog
F:\CODE\OPENCV_CMAKE\BGSLIBRARY-MASTER\VS2010\DEBUG\CMULTILAYERBGS.OBJ
F:\CODE\OPENCV_CMAKE\BGSLIBRARY-MASTER\VS2010\DEBUG\DPADAPTIVEMEDIANBGS.OBJ
F:\CODE\OPENCV_CMAKE\BGSLIBRARY-MASTER\VS2010\DEBUG\DPEIGENBACKGROUNDBGS.OBJ
F:\CODE\OPENCV_CMAKE\BGSLIBRARY-MASTER\VS2010\DEBUG\DPGRIMSONGMMBGS.OBJ
F:\CODE\OPENCV_CMAKE\BGSLIBRARY-MASTER\VS2010\DEBUG\DPMEANBGS.OBJ
F:\CODE\OPENCV_CMAKE\BGSLIBRARY-MASTER\VS2010\DEBUG\DPPRATIMEDIODBGS.OBJ
F:\CODE\OPENCV_CMAKE\BGSLIBRARY-MASTER\VS2010\DEBUG\DPTEXTUREBGS.OBJ
F:\CODE\OPENCV_CMAKE\BGSLIBRARY-MASTER\VS2010\DEBUG\DPWRENGABGS.OBJ
F:\CODE\OPENCV_CMAKE\BGSLIBRARY-MASTER\VS2010\DEBUG\DPZIVKOVICAGMMBGS.OBJ
F:\CODE\OPENCV_CMAKE\BGSLIBRARY-MASTER\VS2010\DEBUG\EIGENBACKGROUND.OBJ
F:\CODE\OPENCV_CMAKE\BGSLIBRARY-MASTER\VS2010\DEBUG\ERROR.OBJ
F:\CODE\OPENCV_CMAKE\BGSLIBRARY-MASTER\VS2010\DEBUG\FOREGROUNDMASKANALYSIS.OBJ
F:\CODE\OPENCV_CMAKE\BGSLIBRARY-MASTER\VS2010\DEBUG\FRAMEDIFFERENCEBGS.OBJ
F:\CODE\OPENCV_CMAKE\BGSLIBRARY-MASTER\VS2010\DEBUG\FRAMEPROCESSOR.OBJ
F:\CODE\OPENCV_CMAKE\BGSLIBRARY-MASTER\VS2010\DEBUG\FUZZYCHOQUETINTEGRAL.OBJ
F:\CODE\OPENCV_CMAKE\BGSLIBRARY-MASTER\VS2010\DEBUG\FUZZYSUGENOINTEGRAL.OBJ
F:\CODE\OPENCV_CMAKE\BGSLIBRARY-MASTER\VS2010\DEBUG\FUZZYUTILS.OBJ
F:\CODE\OPENCV_CMAKE\BGSLIBRARY-MASTER\VS2010\DEBUG\GMG.OBJ
F:\CODE\OPENCV_CMAKE\BGSLIBRARY-MASTER\VS2010\DEBUG\GRAPH.OBJ
F:\CODE\OPENCV_CMAKE\BGSLIBRARY-MASTER\VS2010\DEBUG\GRIMSONGMM.OBJ
F:\CODE\OPENCV_CMAKE\BGSLIBRARY-MASTER\VS2010\DEBUG\IMAGE.OBJ
F:\CODE\OPENCV_CMAKE\BGSLIBRARY-MASTER\VS2010\DEBUG\IMBS.OBJ
F:\CODE\OPENCV_CMAKE\BGSLIBRARY-MASTER\VS2010\DEBUG\INDEPENDENTMULTIMODALBGS.OBJ
F:\CODE\OPENCV_CMAKE\BGSLIBRARY-MASTER\VS2010\DEBUG\KDE.OBJ
F:\CODE\OPENCV_CMAKE\BGSLIBRARY-MASTER\VS2010\DEBUG\KERNELTABLE.OBJ
F:\CODE\OPENCV_CMAKE\BGSLIBRARY-MASTER\VS2010\DEBUG\LBADAPTIVESOM.OBJ
F:\CODE\OPENCV_CMAKE\BGSLIBRARY-MASTER\VS2010\DEBUG\LBFUZZYADAPTIVESOM.OBJ
F:\CODE\OPENCV_CMAKE\BGSLIBRARY-MASTER\VS2010\DEBUG\LBFUZZYGAUSSIAN.OBJ
F:\CODE\OPENCV_CMAKE\BGSLIBRARY-MASTER\VS2010\DEBUG\LBMIXTUREOFGAUSSIANS.OBJ
F:\CODE\OPENCV_CMAKE\BGSLIBRARY-MASTER\VS2010\DEBUG\LBPMRF.OBJ
F:\CODE\OPENCV_CMAKE\BGSLIBRARY-MASTER\VS2010\DEBUG\LBSIMPLEGAUSSIAN.OBJ
F:\CODE\OPENCV_CMAKE\BGSLIBRARY-MASTER\VS2010\DEBUG\LBSP.OBJ
F:\code\OpenCV_cmake\bgslibrary-master\vs2010\Debug\link.440.read.1.tlog
F:\code\OpenCV_cmake\bgslibrary-master\vs2010\Debug\link.440.write.1.tlog
F:\code\OpenCV_cmake\bgslibrary-master\vs2010\Debug\link.440-cvtres.read.1.tlog
F:\code\OpenCV_cmake\bgslibrary-master\vs2010\Debug\link.440-cvtres.write.1.tlog
F:\code\OpenCV_cmake\bgslibrary-master\vs2010\Debug\link.command.1.tlog
F:\code\OpenCV_cmake\bgslibrary-master\vs2010\Debug\link.read.1.tlog
F:\code\OpenCV_cmake\bgslibrary-master\vs2010\Debug\link.write.1.tlog
F:\code\OpenCV_cmake\bgslibrary-master\vs2010\Debug\link-cvtres.read.1.tlog
F:\code\OpenCV_cmake\bgslibrary-master\vs2010\Debug\link-cvtres.write.1.tlog
F:\CODE\OPENCV_CMAKE\BGSLIBRARY-MASTER\VS2010\DEBUG\LOBSTER.OBJ
F:\CODE\OPENCV_CMAKE\BGSLIBRARY-MASTER\VS2010\DEBUG\LOCALBINARYPATTERN.OBJ
F:\CODE\OPENCV_CMAKE\BGSLIBRARY-MASTER\VS2010\DEBUG\MAIN.OBJ
F:\CODE\OPENCV_CMAKE\BGSLIBRARY-MASTER\VS2010\DEBUG\MAXFLOW.OBJ
F:\CODE\OPENCV_CMAKE\BGSLIBRARY-MASTER\VS2010\DEBUG\MEANBGS.OBJ
F:\CODE\OPENCV_CMAKE\BGSLIBRARY-MASTER\VS2010\DEBUG\MEDEFS.OBJ
F:\CODE\OPENCV_CMAKE\BGSLIBRARY-MASTER\VS2010\DEBUG\MEHISTOGRAM.OBJ
F:\CODE\OPENCV_CMAKE\BGSLIBRARY-MASTER\VS2010\DEBUG\MEIMAGE.OBJ
F:\CODE\OPENCV_CMAKE\BGSLIBRARY-MASTER\VS2010\DEBUG\MIXTUREOFGAUSSIANV1BGS.OBJ
F:\CODE\OPENCV_CMAKE\BGSLIBRARY-MASTER\VS2010\DEBUG\MIXTUREOFGAUSSIANV2BGS.OBJ
F:\CODE\OPENCV_CMAKE\BGSLIBRARY-MASTER\VS2010\DEBUG\MOTIONDETECTION.OBJ
F:\CODE\OPENCV_CMAKE\BGSLIBRARY-MASTER\VS2010\DEBUG\MRF.OBJ
F:\code\OpenCV_cmake\bgslibrary-master\vs2010\Debug\mt.command.1.tlog
F:\code\OpenCV_cmake\bgslibrary-master\vs2010\Debug\mt.read.1.tlog
F:\code\OpenCV_cmake\bgslibrary-master\vs2010\Debug\mt.write.1.tlog
F:\CODE\OPENCV_CMAKE\BGSLIBRARY-MASTER\VS2010\DEBUG\MULTILAYERBGS.OBJ
F:\CODE\OPENCV_CMAKE\BGSLIBRARY-MASTER\VS2010\DEBUG\NPBGMODEL.OBJ
F:\CODE\OPENCV_CMAKE\BGSLIBRARY-MASTER\VS2010\DEBUG\NPBGSUBTRACTOR.OBJ
F:\CODE\OPENCV_CMAKE\BGSLIBRARY-MASTER\VS2010\DEBUG\PERFORMANCEUTILS.OBJ
F:\CODE\OPENCV_CMAKE\BGSLIBRARY-MASTER\VS2010\DEBUG\PIXELUTILS.OBJ
F:\CODE\OPENCV_CMAKE\BGSLIBRARY-MASTER\VS2010\DEBUG\PRATIMEDIODBGS.OBJ
F:\CODE\OPENCV_CMAKE\BGSLIBRARY-MASTER\VS2010\DEBUG\PREPROCESSOR.OBJ
F:\code\OpenCV_cmake\bgslibrary-master\vs2010\Debug\rc.command.1.tlog
F:\code\OpenCV_cmake\bgslibrary-master\vs2010\Debug\rc.read.1.tlog
F:\code\OpenCV_cmake\bgslibrary-master\vs2010\Debug\rc.write.1.tlog
F:\CODE\OPENCV_CMAKE\BGSLIBRARY-MASTER\VS2010\DEBUG\SDLAMA091.OBJ
F:\CODE\OPENCV_CMAKE\BGSLIBRARY-MASTER\VS2010\DEBUG\SIGMADELTABGS.OBJ
F:\CODE\OPENCV_CMAKE\BGSLIBRARY-MASTER\VS2010\DEBUG\SJN_MULTICUEBGS.OBJ
F:\CODE\OPENCV_CMAKE\BGSLIBRARY-MASTER\VS2010\DEBUG\STATICFRAMEDIFFERENCEBGS.OBJ
F:\CODE\OPENCV_CMAKE\BGSLIBRARY-MASTER\VS2010\DEBUG\SUBSENSE.OBJ
F:\CODE\OPENCV_CMAKE\BGSLIBRARY-MASTER\VS2010\DEBUG\T2FGMM.OBJ
F:\CODE\OPENCV_CMAKE\BGSLIBRARY-MASTER\VS2010\DEBUG\T2FGMM_UM.OBJ
F:\CODE\OPENCV_CMAKE\BGSLIBRARY-MASTER\VS2010\DEBUG\T2FGMM_UV.OBJ
F:\CODE\OPENCV_CMAKE\BGSLIBRARY-MASTER\VS2010\DEBUG\T2FMRF.OBJ
F:\CODE\OPENCV_CMAKE\BGSLIBRARY-MASTER\VS2010\DEBUG\T2FMRF_UM.OBJ
F:\CODE\OPENCV_CMAKE\BGSLIBRARY-MASTER\VS2010\DEBUG\T2FMRF_UV.OBJ
F:\CODE\OPENCV_CMAKE\BGSLIBRARY-MASTER\VS2010\DEBUG\TBACKGROUND.OBJ
F:\CODE\OPENCV_CMAKE\BGSLIBRARY-MASTER\VS2010\DEBUG\TBACKGROUNDVUMETER.OBJ
F:\CODE\OPENCV_CMAKE\BGSLIBRARY-MASTER\VS2010\DEBUG\TEXTUREBGS.OBJ
F:\code\OpenCV_cmake\bgslibrary-master\vs2010\Debug\vc100.idb
F:\CODE\OPENCV_CMAKE\BGSLIBRARY-MASTER\VS2010\DEBUG\VC100.PDB
F:\CODE\OPENCV_CMAKE\BGSLIBRARY-MASTER\VS2010\DEBUG\VIDEOANALYSIS.OBJ
F:\CODE\OPENCV_CMAKE\BGSLIBRARY-MASTER\VS2010\DEBUG\VIDEOCAPTURE.OBJ
F:\CODE\OPENCV_CMAKE\BGSLIBRARY-MASTER\VS2010\DEBUG\VUMETER.OBJ
F:\CODE\OPENCV_CMAKE\BGSLIBRARY-MASTER\VS2010\DEBUG\WEIGHTEDMOVINGMEANBGS.OBJ
F:\CODE\OPENCV_CMAKE\BGSLIBRARY-MASTER\VS2010\DEBUG\WEIGHTEDMOVINGVARIANCEBGS.OBJ
F:\CODE\OPENCV_CMAKE\BGSLIBRARY-MASTER\VS2010\DEBUG\WRENGA.OBJ
F:\CODE\OPENCV_CMAKE\BGSLIBRARY-MASTER\VS2010\DEBUG\ZIVKOVICAGMM.OBJ
