生成启动时间为 2016/1/6 14:57:32。
     1>项目“F:\code\OpenCV_cmake\bgslibrary-master\vs2010\bgslibrary.vcxproj”在节点 2 上(build 个目标)。
     1>InitializeBuildStatus:
         正在创建“Debug\bgslibrary.unsuccessfulbuild”，因为已指定“AlwaysCreate”。
       ClCompile:
         d:\program tool\VS2010\VC\bin\CL.exe /c /ZI /nologo /W3 /WX- /Od /Oy- /D WIN32 /D _DEBUG /D _CONSOLE /D _UNICODE /D UNICODE /Gm /EHsc /RTC1 /MDd /GS /fp:precise /Zc:wchar_t /Zc:forScope /Fo"Debug\\" /Fd"Debug\vc100.pdb" /Gd /TP /analyze- /errorReport:prompt ..\VideoAnalysis.cpp
         VideoAnalysis.cpp
     1>f:\code\opencv_cmake\bgslibrary-master\package_bgs\tb\fuzzyutils.h : warning C4819: 该文件包含不能在当前代码页(936)中表示的字符。请将该文件保存为 Unicode 格式以防止数据丢失
     1>f:\code\opencv_cmake\bgslibrary-master\package_bgs\tb\pixelutils.h : warning C4819: 该文件包含不能在当前代码页(936)中表示的字符。请将该文件保存为 Unicode 格式以防止数据丢失
     1>f:\code\opencv_cmake\bgslibrary-master\package_bgs\jmo\blobresult.h : warning C4819: 该文件包含不能在当前代码页(936)中表示的字符。请将该文件保存为 Unicode 格式以防止数据丢失
     1>f:\code\opencv_cmake\bgslibrary-master\package_bgs\jmo\bloblibraryconfiguration.h : warning C4819: 该文件包含不能在当前代码页(936)中表示的字符。请将该文件保存为 Unicode 格式以防止数据丢失
     1>f:\code\opencv_cmake\bgslibrary-master\package_bgs\jmo\blob.h : warning C4819: 该文件包含不能在当前代码页(936)中表示的字符。请将该文件保存为 Unicode 格式以防止数据丢失
     1>f:\code\opencv_cmake\bgslibrary-master\package_bgs\jmo\bloblibraryconfiguration.h : warning C4819: 该文件包含不能在当前代码页(936)中表示的字符。请将该文件保存为 Unicode 格式以防止数据丢失
     1>d:\program tool\opencv\vs2010_opencv\vs2010_solution\install\include\opencv2\flann\logger.h(66): warning C4996: 'fopen': This function or variable may be unsafe. Consider using fopen_s instead. To disable deprecation, use _CRT_SECURE_NO_WARNINGS. See online help for details.
                 d:\program tool\vs2010\vc\include\stdio.h(234) : 参见“fopen”的声明
       ManifestResourceCompile:
         所有输出均为最新。
       Link:
         d:\program tool\VS2010\VC\bin\link.exe /ERRORREPORT:PROMPT /OUT:"F:\code\OpenCV_cmake\bgslibrary-master\vs2010\Debug\bgslibrary.exe" /INCREMENTAL /NOLOGO comctl32.lib VFW32.lib opencv_ml249d.lib opencv_calib3d249d.lib opencv_contrib249d.lib opencv_core249d.lib opencv_features2d249d.lib opencv_flann249d.lib opencv_gpu249d.lib opencv_highgui249d.lib opencv_imgproc249d.lib opencv_legacy249d.lib opencv_objdetect249d.lib opencv_ts249d.lib opencv_video249d.lib opencv_nonfree249d.lib opencv_ocl249d.lib opencv_photo249d.lib opencv_stitching249d.lib opencv_superres249d.lib opencv_videostab249d.lib kernel32.lib user32.lib gdi32.lib winspool.lib comdlg32.lib advapi32.lib shell32.lib ole32.lib oleaut32.lib uuid.lib odbc32.lib odbccp32.lib /MANIFEST /ManifestFile:"Debug\bgslibrary.exe.intermediate.manifest" /MANIFESTUAC:"level='asInvoker' uiAccess='false'" /DEBUG /PDB:"F:\code\OpenCV_cmake\bgslibrary-master\vs2010\Debug\bgslibrary.pdb" /SUBSYSTEM:CONSOLE /TLBID:1 /DYNAMICBASE /NXCOMPAT /IMPLIB:"F:\code\OpenCV_cmake\bgslibrary-master\vs2010\Debug\bgslibrary.lib" /MACHINE:X86 Debug\bgslibrary.exe.embed.manifest.res
         Debug\FrameProcessor.obj
         Debug\Main.obj
         Debug\ForegroundMaskAnalysis.obj
         Debug\AdaptiveBackgroundLearning.obj
         Debug\AdaptiveSelectiveBackgroundLearning.obj
         Debug\KDE.obj
         Debug\KernelTable.obj
         Debug\NPBGmodel.obj
         Debug\NPBGSubtractor.obj
         Debug\TBackground.obj
         Debug\TBackgroundVuMeter.obj
         Debug\VuMeter.obj
         Debug\sdLaMa091.obj
         Debug\SigmaDeltaBGS.obj
         Debug\graph.obj
         Debug\LbpMrf.obj
         Debug\maxflow.obj
         Debug\MEDefs.obj
         Debug\MEHistogram.obj
         Debug\MEImage.obj
         Debug\MotionDetection.obj
         Debug\imbs.obj
         Debug\IndependentMultimodalBGS.obj
         Debug\AdaptiveMedianBGS.obj
         Debug\DPAdaptiveMedianBGS.obj
         Debug\DPEigenbackgroundBGS.obj
         Debug\DPGrimsonGMMBGS.obj
         Debug\DPMeanBGS.obj
         Debug\DPPratiMediodBGS.obj
         Debug\DPTextureBGS.obj
         Debug\DPWrenGABGS.obj
         Debug\DPZivkovicAGMMBGS.obj
         Debug\Eigenbackground.obj
         Debug\Error.obj
         Debug\GrimsonGMM.obj
         Debug\Image.obj
         Debug\MeanBGS.obj
         Debug\PratiMediodBGS.obj
         Debug\TextureBGS.obj
         Debug\WrenGA.obj
         Debug\ZivkovicAGMM.obj
         Debug\FrameDifferenceBGS.obj
         Debug\GMG.obj
         Debug\blob.obj
         Debug\BlobExtraction.obj
         Debug\BlobResult.obj
         Debug\CMultiLayerBGS.obj
         Debug\LocalBinaryPattern.obj
         Debug\MultiLayerBGS.obj
         Debug\BGModel.obj
         Debug\BGModelFuzzyGauss.obj
         Debug\BGModelFuzzySom.obj
         Debug\BGModelGauss.obj
         Debug\BGModelMog.obj
         Debug\BGModelSom.obj
         Debug\LBAdaptiveSOM.obj
         Debug\LBFuzzyAdaptiveSOM.obj
         Debug\LBFuzzyGaussian.obj
         Debug\LBMixtureOfGaussians.obj
         Debug\LBSimpleGaussian.obj
         Debug\MixtureOfGaussianV1BGS.obj
         Debug\MixtureOfGaussianV2BGS.obj
         Debug\BackgroundSubtractorLBSP.obj
         Debug\BackgroundSubtractorLOBSTER.obj
         Debug\BackgroundSubtractorSuBSENSE.obj
         Debug\LBSP.obj
         Debug\LOBSTER.obj
         Debug\SuBSENSE.obj
         Debug\PBAS.obj
         Debug\PixelBasedAdaptiveSegmenter.obj
         Debug\SJN_MultiCueBGS.obj
         Debug\StaticFrameDifferenceBGS.obj
         Debug\FuzzyChoquetIntegral.obj
         Debug\FuzzySugenoIntegral.obj
         Debug\FuzzyUtils.obj
         Debug\MRF.obj
         Debug\PerformanceUtils.obj
         Debug\PixelUtils.obj
         Debug\T2FGMM.obj
         Debug\T2FGMM_UM.obj
         Debug\T2FGMM_UV.obj
         Debug\T2FMRF.obj
         Debug\T2FMRF_UM.obj
         Debug\T2FMRF_UV.obj
         Debug\WeightedMovingMeanBGS.obj
         Debug\WeightedMovingVarianceBGS.obj
         Debug\PreProcessor.obj
         Debug\VideoAnalysis.obj
         Debug\VideoCapture.obj
       Manifest:
         C:\Program Files (x86)\Microsoft SDKs\Windows\v7.0A\bin\mt.exe /nologo /verbose /out:"Debug\bgslibrary.exe.embed.manifest" /manifest Debug\bgslibrary.exe.intermediate.manifest
         所有输出均为最新。
       LinkEmbedManifest:
         所有输出均为最新。
         bgslibrary.vcxproj -> F:\code\OpenCV_cmake\bgslibrary-master\vs2010\Debug\bgslibrary.exe
       FinalizeBuildStatus:
         正在删除文件“Debug\bgslibrary.unsuccessfulbuild”。
         正在对“Debug\bgslibrary.lastbuildstate”执行 Touch 任务。
     1>已完成生成项目“F:\code\OpenCV_cmake\bgslibrary-master\vs2010\bgslibrary.vcxproj”(build 个目标)的操作。

生成成功。

已用时间 00:00:05.79
