生成启动时间为 2016/1/26 11:17:24。
     1>项目“F:\code\OpenCV_cmake\bgslibrary-master\vs2010\bgslibrary.vcxproj”在节点 2 上(build 个目标)。
     1>InitializeBuildStatus:
         正在创建“Release\bgslibrary.unsuccessfulbuild”，因为已指定“AlwaysCreate”。
       ClCompile:
         所有输出均为最新。
         d:\program tool\VS2010\VC\bin\CL.exe /c /IC:\OpenCV2.4.10\build\include /IC:\OpenCV2.4.10\build\include\opencv /Zi /nologo /W3 /WX- /O2 /Oi /Oy- /GL /D WIN32 /D NDEBUG /D _CONSOLE /D _UNICODE /D UNICODE /Gm- /EHsc /MD /GS /Gy /fp:precise /Zc:wchar_t /Zc:forScope /Fo"Release\\" /Fd"Release\vc100.pdb" /Gd /TP /analyze- /errorReport:prompt ..\package_bgs\dp\DPEigenbackgroundBGS.cpp
         DPEigenbackgroundBGS.cpp
     1>..\package_bgs\dp\DPEigenbackgroundBGS.cpp(57): warning C4244: “=”: 从“int”转换到“float”，可能丢失数据
     1>..\package_bgs\dp\DPEigenbackgroundBGS.cpp(103): warning C4800: “int”: 将值强制为布尔值“true”或“false”(性能警告)
       Link:
         d:\program tool\VS2010\VC\bin\link.exe /ERRORREPORT:PROMPT /OUT:"..\bgslibrary.exe" /INCREMENTAL:NO /NOLOGO "C:\OpenCV2.4.10\build\x86\vc10\staticlib\*.lib" comctl32.lib VFW32.lib opencv_objdetect249.lib opencv_ts249.lib opencv_video249.lib opencv_nonfree249.lib opencv_ocl249.lib opencv_photo249.lib opencv_stitching249.lib opencv_superres249.lib opencv_videostab249.lib opencv_calib3d249.lib opencv_contrib249.lib opencv_core249.lib opencv_features2d249.lib opencv_flann249.lib opencv_gpu249.lib opencv_highgui249.lib opencv_imgproc249.lib opencv_legacy249.lib opencv_ml249.lib kernel32.lib user32.lib gdi32.lib winspool.lib comdlg32.lib advapi32.lib shell32.lib ole32.lib oleaut32.lib uuid.lib odbc32.lib odbccp32.lib /MANIFEST /ManifestFile:"Release\bgslibrary.exe.intermediate.manifest" /MANIFESTUAC:"level='asInvoker' uiAccess='false'" /DEBUG /PDB:"F:\code\OpenCV_cmake\bgslibrary-master\bgslibrary.pdb" /SUBSYSTEM:CONSOLE /OPT:REF /OPT:ICF /LTCG /TLBID:1 /DYNAMICBASE /NXCOMPAT /IMPLIB:"..\bgslibrary.lib" /MACHINE:X86 Release\FrameProcessor.obj
         Release\PreProcessor.obj
         Release\VideoAnalysis.obj
         Release\VideoCapture.obj
         Release\Main.obj
         Release\ForegroundMaskAnalysis.obj
         Release\AdaptiveBackgroundLearning.obj
         Release\AdaptiveSelectiveBackgroundLearning.obj
         Release\KDE.obj
         Release\KernelTable.obj
         Release\NPBGmodel.obj
         Release\NPBGSubtractor.obj
         Release\TBackground.obj
         Release\TBackgroundVuMeter.obj
         Release\VuMeter.obj
         Release\sdLaMa091.obj
         Release\SigmaDeltaBGS.obj
         Release\graph.obj
         Release\LbpMrf.obj
         Release\maxflow.obj
         Release\MEDefs.obj
         Release\MEHistogram.obj
         Release\MEImage.obj
         Release\MotionDetection.obj
         Release\imbs.obj
         Release\IndependentMultimodalBGS.obj
         Release\AdaptiveMedianBGS.obj
         Release\DPAdaptiveMedianBGS.obj
         Release\DPEigenbackgroundBGS.obj
         Release\DPGrimsonGMMBGS.obj
         Release\DPMeanBGS.obj
         Release\DPPratiMediodBGS.obj
         Release\DPTextureBGS.obj
         Release\DPWrenGABGS.obj
         Release\DPZivkovicAGMMBGS.obj
         Release\Eigenbackground.obj
         Release\Error.obj
         Release\GrimsonGMM.obj
         Release\Image.obj
         Release\MeanBGS.obj
         Release\PratiMediodBGS.obj
         Release\TextureBGS.obj
         Release\WrenGA.obj
         Release\ZivkovicAGMM.obj
         Release\FrameDifferenceBGS.obj
         Release\GMG.obj
         Release\blob.obj
         Release\BlobExtraction.obj
         Release\BlobResult.obj
         Release\CMultiLayerBGS.obj
         Release\LocalBinaryPattern.obj
         Release\MultiLayerBGS.obj
         Release\BGModel.obj
         Release\BGModelFuzzyGauss.obj
         Release\BGModelFuzzySom.obj
         Release\BGModelGauss.obj
         Release\BGModelMog.obj
         Release\BGModelSom.obj
         Release\LBAdaptiveSOM.obj
         Release\LBFuzzyAdaptiveSOM.obj
         Release\LBFuzzyGaussian.obj
         Release\LBMixtureOfGaussians.obj
         Release\LBSimpleGaussian.obj
         Release\MixtureOfGaussianV1BGS.obj
         Release\MixtureOfGaussianV2BGS.obj
         Release\BackgroundSubtractorLBSP.obj
         Release\BackgroundSubtractorLOBSTER.obj
         Release\BackgroundSubtractorSuBSENSE.obj
         Release\LBSP.obj
         Release\LOBSTER.obj
         Release\SuBSENSE.obj
         Release\PBAS.obj
         Release\PixelBasedAdaptiveSegmenter.obj
         Release\SJN_MultiCueBGS.obj
         Release\StaticFrameDifferenceBGS.obj
         Release\FuzzyChoquetIntegral.obj
         Release\FuzzySugenoIntegral.obj
         Release\FuzzyUtils.obj
         Release\MRF.obj
         Release\PerformanceUtils.obj
         Release\PixelUtils.obj
         Release\T2FGMM.obj
         Release\T2FGMM_UM.obj
         Release\T2FGMM_UV.obj
         Release\T2FMRF.obj
         Release\T2FMRF_UM.obj
         Release\T2FMRF_UV.obj
         Release\WeightedMovingMeanBGS.obj
         Release\WeightedMovingVarianceBGS.obj
         正在生成代码
         已完成代码的生成
         bgslibrary.vcxproj -> F:\code\OpenCV_cmake\bgslibrary-master\vs2010\..\bgslibrary.exe
       Manifest:
         C:\Program Files (x86)\Microsoft SDKs\Windows\v7.0A\bin\mt.exe /nologo /verbose /outputresource:"..\bgslibrary.exe;#1" /manifest Release\bgslibrary.exe.intermediate.manifest
       FinalizeBuildStatus:
         正在删除文件“Release\bgslibrary.unsuccessfulbuild”。
         正在对“Release\bgslibrary.lastbuildstate”执行 Touch 任务。
     1>已完成生成项目“F:\code\OpenCV_cmake\bgslibrary-master\vs2010\bgslibrary.vcxproj”(build 个目标)的操作。

生成成功。

已用时间 00:00:11.73
