..\bgslibrary.pdb
F:\CODE\OPENCV_CMAKE\BGSLIBRARY-MASTER\BGSLIBRARY.EXE
F:\CODE\OPENCV_CMAKE\BGSLIBRARY-MASTER\BGSLIBRARY.PDB
F:\code\OpenCV_cmake\bgslibrary-master\vs2010\..\bgslibrary.exe
F:\CODE\OPENCV_CMAKE\BGSLIBRARY-MASTER\VS2010\RELEASE\ADAPTIVEBACKGROUNDLEARNING.OBJ
F:\CODE\OPENCV_CMAKE\BGSLIBRARY-MASTER\VS2010\RELEASE\ADAPTIVEMEDIANBGS.OBJ
F:\CODE\OPENCV_CMAKE\BGSLIBRARY-MASTER\VS2010\RELEASE\ADAPTIVESELECTIVEBACKGROUNDLEARNING.OBJ
F:\CODE\OPENCV_CMAKE\BGSLIBRARY-MASTER\VS2010\RELEASE\BACKGROUNDSUBTRACTORLBSP.OBJ
F:\CODE\OPENCV_CMAKE\BGSLIBRARY-MASTER\VS2010\RELEASE\BACKGROUNDSUBTRACTORLOBSTER.OBJ
F:\CODE\OPENCV_CMAKE\BGSLIBRARY-MASTER\VS2010\RELEASE\BACKGROUNDSUBTRACTORSUBSENSE.OBJ
F:\CODE\OPENCV_CMAKE\BGSLIBRARY-MASTER\VS2010\RELEASE\BGMODEL.OBJ
F:\CODE\OPENCV_CMAKE\BGSLIBRARY-MASTER\VS2010\RELEASE\BGMODELFUZZYGAUSS.OBJ
F:\CODE\OPENCV_CMAKE\BGSLIBRARY-MASTER\VS2010\RELEASE\BGMODELFUZZYSOM.OBJ
F:\CODE\OPENCV_CMAKE\BGSLIBRARY-MASTER\VS2010\RELEASE\BGMODELGAUSS.OBJ
F:\CODE\OPENCV_CMAKE\BGSLIBRARY-MASTER\VS2010\RELEASE\BGMODELMOG.OBJ
F:\CODE\OPENCV_CMAKE\BGSLIBRARY-MASTER\VS2010\RELEASE\BGMODELSOM.OBJ
F:\CODE\OPENCV_CMAKE\BGSLIBRARY-MASTER\VS2010\RELEASE\BGSLIBRARY.EXE.INTERMEDIATE.MANIFEST
F:\code\OpenCV_cmake\bgslibrary-master\vs2010\Release\bgslibrary.write.1.tlog
F:\CODE\OPENCV_CMAKE\BGSLIBRARY-MASTER\VS2010\RELEASE\BLOB.OBJ
F:\CODE\OPENCV_CMAKE\BGSLIBRARY-MASTER\VS2010\RELEASE\BLOBEXTRACTION.OBJ
F:\CODE\OPENCV_CMAKE\BGSLIBRARY-MASTER\VS2010\RELEASE\BLOBRESULT.OBJ
F:\code\OpenCV_cmake\bgslibrary-master\vs2010\Release\cl.command.1.tlog
F:\code\OpenCV_cmake\bgslibrary-master\vs2010\Release\CL.read.1.tlog
F:\code\OpenCV_cmake\bgslibrary-master\vs2010\Release\CL.write.1.tlog
F:\CODE\OPENCV_CMAKE\BGSLIBRARY-MASTER\VS2010\RELEASE\CMULTILAYERBGS.OBJ
F:\CODE\OPENCV_CMAKE\BGSLIBRARY-MASTER\VS2010\RELEASE\DPADAPTIVEMEDIANBGS.OBJ
F:\CODE\OPENCV_CMAKE\BGSLIBRARY-MASTER\VS2010\RELEASE\DPEIGENBACKGROUNDBGS.OBJ
F:\CODE\OPENCV_CMAKE\BGSLIBRARY-MASTER\VS2010\RELEASE\DPGRIMSONGMMBGS.OBJ
F:\CODE\OPENCV_CMAKE\BGSLIBRARY-MASTER\VS2010\RELEASE\DPMEANBGS.OBJ
F:\CODE\OPENCV_CMAKE\BGSLIBRARY-MASTER\VS2010\RELEASE\DPPRATIMEDIODBGS.OBJ
F:\CODE\OPENCV_CMAKE\BGSLIBRARY-MASTER\VS2010\RELEASE\DPTEXTUREBGS.OBJ
F:\CODE\OPENCV_CMAKE\BGSLIBRARY-MASTER\VS2010\RELEASE\DPWRENGABGS.OBJ
F:\CODE\OPENCV_CMAKE\BGSLIBRARY-MASTER\VS2010\RELEASE\DPZIVKOVICAGMMBGS.OBJ
F:\CODE\OPENCV_CMAKE\BGSLIBRARY-MASTER\VS2010\RELEASE\EIGENBACKGROUND.OBJ
F:\CODE\OPENCV_CMAKE\BGSLIBRARY-MASTER\VS2010\RELEASE\ERROR.OBJ
F:\CODE\OPENCV_CMAKE\BGSLIBRARY-MASTER\VS2010\RELEASE\FOREGROUNDMASKANALYSIS.OBJ
F:\CODE\OPENCV_CMAKE\BGSLIBRARY-MASTER\VS2010\RELEASE\FRAMEDIFFERENCEBGS.OBJ
F:\CODE\OPENCV_CMAKE\BGSLIBRARY-MASTER\VS2010\RELEASE\FRAMEPROCESSOR.OBJ
F:\CODE\OPENCV_CMAKE\BGSLIBRARY-MASTER\VS2010\RELEASE\FUZZYCHOQUETINTEGRAL.OBJ
F:\CODE\OPENCV_CMAKE\BGSLIBRARY-MASTER\VS2010\RELEASE\FUZZYSUGENOINTEGRAL.OBJ
F:\CODE\OPENCV_CMAKE\BGSLIBRARY-MASTER\VS2010\RELEASE\FUZZYUTILS.OBJ
F:\CODE\OPENCV_CMAKE\BGSLIBRARY-MASTER\VS2010\RELEASE\GMG.OBJ
F:\CODE\OPENCV_CMAKE\BGSLIBRARY-MASTER\VS2010\RELEASE\GRAPH.OBJ
F:\CODE\OPENCV_CMAKE\BGSLIBRARY-MASTER\VS2010\RELEASE\GRIMSONGMM.OBJ
F:\CODE\OPENCV_CMAKE\BGSLIBRARY-MASTER\VS2010\RELEASE\IMAGE.OBJ
F:\CODE\OPENCV_CMAKE\BGSLIBRARY-MASTER\VS2010\RELEASE\IMBS.OBJ
F:\CODE\OPENCV_CMAKE\BGSLIBRARY-MASTER\VS2010\RELEASE\INDEPENDENTMULTIMODALBGS.OBJ
F:\CODE\OPENCV_CMAKE\BGSLIBRARY-MASTER\VS2010\RELEASE\KDE.OBJ
F:\CODE\OPENCV_CMAKE\BGSLIBRARY-MASTER\VS2010\RELEASE\KERNELTABLE.OBJ
F:\CODE\OPENCV_CMAKE\BGSLIBRARY-MASTER\VS2010\RELEASE\LBADAPTIVESOM.OBJ
F:\CODE\OPENCV_CMAKE\BGSLIBRARY-MASTER\VS2010\RELEASE\LBFUZZYADAPTIVESOM.OBJ
F:\CODE\OPENCV_CMAKE\BGSLIBRARY-MASTER\VS2010\RELEASE\LBFUZZYGAUSSIAN.OBJ
F:\CODE\OPENCV_CMAKE\BGSLIBRARY-MASTER\VS2010\RELEASE\LBMIXTUREOFGAUSSIANS.OBJ
F:\CODE\OPENCV_CMAKE\BGSLIBRARY-MASTER\VS2010\RELEASE\LBPMRF.OBJ
F:\CODE\OPENCV_CMAKE\BGSLIBRARY-MASTER\VS2010\RELEASE\LBSIMPLEGAUSSIAN.OBJ
F:\CODE\OPENCV_CMAKE\BGSLIBRARY-MASTER\VS2010\RELEASE\LBSP.OBJ
F:\code\OpenCV_cmake\bgslibrary-master\vs2010\Release\link.command.1.tlog
F:\code\OpenCV_cmake\bgslibrary-master\vs2010\Release\link.read.1.tlog
F:\code\OpenCV_cmake\bgslibrary-master\vs2010\Release\link.write.1.tlog
F:\CODE\OPENCV_CMAKE\BGSLIBRARY-MASTER\VS2010\RELEASE\LOBSTER.OBJ
F:\CODE\OPENCV_CMAKE\BGSLIBRARY-MASTER\VS2010\RELEASE\LOCALBINARYPATTERN.OBJ
F:\CODE\OPENCV_CMAKE\BGSLIBRARY-MASTER\VS2010\RELEASE\MAIN.OBJ
F:\CODE\OPENCV_CMAKE\BGSLIBRARY-MASTER\VS2010\RELEASE\MAXFLOW.OBJ
F:\CODE\OPENCV_CMAKE\BGSLIBRARY-MASTER\VS2010\RELEASE\MEANBGS.OBJ
F:\CODE\OPENCV_CMAKE\BGSLIBRARY-MASTER\VS2010\RELEASE\MEDEFS.OBJ
F:\CODE\OPENCV_CMAKE\BGSLIBRARY-MASTER\VS2010\RELEASE\MEHISTOGRAM.OBJ
F:\CODE\OPENCV_CMAKE\BGSLIBRARY-MASTER\VS2010\RELEASE\MEIMAGE.OBJ
F:\CODE\OPENCV_CMAKE\BGSLIBRARY-MASTER\VS2010\RELEASE\MIXTUREOFGAUSSIANV1BGS.OBJ
F:\CODE\OPENCV_CMAKE\BGSLIBRARY-MASTER\VS2010\RELEASE\MIXTUREOFGAUSSIANV2BGS.OBJ
F:\CODE\OPENCV_CMAKE\BGSLIBRARY-MASTER\VS2010\RELEASE\MOTIONDETECTION.OBJ
F:\CODE\OPENCV_CMAKE\BGSLIBRARY-MASTER\VS2010\RELEASE\MRF.OBJ
F:\code\OpenCV_cmake\bgslibrary-master\vs2010\Release\mt.command.1.tlog
F:\code\OpenCV_cmake\bgslibrary-master\vs2010\Release\mt.read.1.tlog
F:\code\OpenCV_cmake\bgslibrary-master\vs2010\Release\mt.write.1.tlog
F:\CODE\OPENCV_CMAKE\BGSLIBRARY-MASTER\VS2010\RELEASE\MULTILAYERBGS.OBJ
F:\CODE\OPENCV_CMAKE\BGSLIBRARY-MASTER\VS2010\RELEASE\NPBGMODEL.OBJ
F:\CODE\OPENCV_CMAKE\BGSLIBRARY-MASTER\VS2010\RELEASE\NPBGSUBTRACTOR.OBJ
F:\CODE\OPENCV_CMAKE\BGSLIBRARY-MASTER\VS2010\RELEASE\PBAS.OBJ
F:\CODE\OPENCV_CMAKE\BGSLIBRARY-MASTER\VS2010\RELEASE\PERFORMANCEUTILS.OBJ
F:\CODE\OPENCV_CMAKE\BGSLIBRARY-MASTER\VS2010\RELEASE\PIXELBASEDADAPTIVESEGMENTER.OBJ
F:\CODE\OPENCV_CMAKE\BGSLIBRARY-MASTER\VS2010\RELEASE\PIXELUTILS.OBJ
F:\CODE\OPENCV_CMAKE\BGSLIBRARY-MASTER\VS2010\RELEASE\PRATIMEDIODBGS.OBJ
F:\CODE\OPENCV_CMAKE\BGSLIBRARY-MASTER\VS2010\RELEASE\PREPROCESSOR.OBJ
F:\CODE\OPENCV_CMAKE\BGSLIBRARY-MASTER\VS2010\RELEASE\SDLAMA091.OBJ
F:\CODE\OPENCV_CMAKE\BGSLIBRARY-MASTER\VS2010\RELEASE\SIGMADELTABGS.OBJ
F:\CODE\OPENCV_CMAKE\BGSLIBRARY-MASTER\VS2010\RELEASE\SJN_MULTICUEBGS.OBJ
F:\CODE\OPENCV_CMAKE\BGSLIBRARY-MASTER\VS2010\RELEASE\STATICFRAMEDIFFERENCEBGS.OBJ
F:\CODE\OPENCV_CMAKE\BGSLIBRARY-MASTER\VS2010\RELEASE\SUBSENSE.OBJ
F:\CODE\OPENCV_CMAKE\BGSLIBRARY-MASTER\VS2010\RELEASE\T2FGMM.OBJ
F:\CODE\OPENCV_CMAKE\BGSLIBRARY-MASTER\VS2010\RELEASE\T2FGMM_UM.OBJ
F:\CODE\OPENCV_CMAKE\BGSLIBRARY-MASTER\VS2010\RELEASE\T2FGMM_UV.OBJ
F:\CODE\OPENCV_CMAKE\BGSLIBRARY-MASTER\VS2010\RELEASE\T2FMRF.OBJ
F:\CODE\OPENCV_CMAKE\BGSLIBRARY-MASTER\VS2010\RELEASE\T2FMRF_UM.OBJ
F:\CODE\OPENCV_CMAKE\BGSLIBRARY-MASTER\VS2010\RELEASE\T2FMRF_UV.OBJ
F:\CODE\OPENCV_CMAKE\BGSLIBRARY-MASTER\VS2010\RELEASE\TBACKGROUND.OBJ
F:\CODE\OPENCV_CMAKE\BGSLIBRARY-MASTER\VS2010\RELEASE\TBACKGROUNDVUMETER.OBJ
F:\CODE\OPENCV_CMAKE\BGSLIBRARY-MASTER\VS2010\RELEASE\TEXTUREBGS.OBJ
F:\CODE\OPENCV_CMAKE\BGSLIBRARY-MASTER\VS2010\RELEASE\VC100.PDB
F:\CODE\OPENCV_CMAKE\BGSLIBRARY-MASTER\VS2010\RELEASE\VIDEOANALYSIS.OBJ
F:\CODE\OPENCV_CMAKE\BGSLIBRARY-MASTER\VS2010\RELEASE\VIDEOCAPTURE.OBJ
F:\CODE\OPENCV_CMAKE\BGSLIBRARY-MASTER\VS2010\RELEASE\VUMETER.OBJ
F:\CODE\OPENCV_CMAKE\BGSLIBRARY-MASTER\VS2010\RELEASE\WEIGHTEDMOVINGMEANBGS.OBJ
F:\CODE\OPENCV_CMAKE\BGSLIBRARY-MASTER\VS2010\RELEASE\WEIGHTEDMOVINGVARIANCEBGS.OBJ
F:\CODE\OPENCV_CMAKE\BGSLIBRARY-MASTER\VS2010\RELEASE\WRENGA.OBJ
F:\CODE\OPENCV_CMAKE\BGSLIBRARY-MASTER\VS2010\RELEASE\ZIVKOVICAGMM.OBJ
